2001.08.06 21:33 B C:\ian_lewis\src\forsterlewis\soaring\krasnoff\k_day0.html <-- ukonline /soaring/krasnoff k_day0.html
2001.08.06 21:33 B C:\ian_lewis\src\forsterlewis\soaring\krasnoff\k_day1.html <-- ukonline /soaring/krasnoff k_day1.html
2001.08.06 21:33 B C:\ian_lewis\src\forsterlewis\soaring\krasnoff\k_day2.html <-- ukonline /soaring/krasnoff k_day2.html
2001.08.06 21:33 B C:\ian_lewis\src\forsterlewis\soaring\krasnoff\k_day3.html <-- ukonline /soaring/krasnoff k_day3.html
2001.08.06 21:33 B C:\ian_lewis\src\forsterlewis\soaring\krasnoff\k_day4.html <-- ukonline /soaring/krasnoff k_day4.html
2001.08.06 21:33 B C:\ian_lewis\src\forsterlewis\soaring\krasnoff\k_day5.html <-- ukonline /soaring/krasnoff k_day5.html
2001.08.06 21:33 B C:\ian_lewis\src\forsterlewis\soaring\krasnoff\k_day6.html <-- ukonline /soaring/krasnoff k_day6.html
2001.08.06 21:33 B C:\ian_lewis\src\forsterlewis\soaring\krasnoff\k_day7.html <-- ukonline /soaring/krasnoff k_day7.html
2001.08.06 21:33 B C:\ian_lewis\src\forsterlewis\soaring\krasnoff\k_help.html <-- ukonline /soaring/krasnoff k_help.html
2001.08.06 21:33 B C:\ian_lewis\src\forsterlewis\soaring\krasnoff\k_prog.html <-- ukonline /soaring/krasnoff k_prog.html
2001.08.06 21:33 B C:\ian_lewis\src\forsterlewis\soaring\krasnoff\k_start.html <-- ukonline /soaring/krasnoff k_start.html
2001.08.06 21:33 B C:\ian_lewis\src\forsterlewis\soaring\krasnoff\krasnoff.html <-- ukonline /soaring/krasnoff krasnoff.html
2001.08.06 21:33 B C:\ian_lewis\src\forsterlewis\soaring\krasnoff\krasnoff.zip <-- ukonline /soaring/krasnoff krasnoff.zip
2002.07.26 19:24 B c:\ian_lewis\src\forsterlewis\soaring\krasnoff\k_day0.html --> ftp.forsterlewis.com /public/www/soaring/krasnoff k_day0.html
2002.07.26 19:24 B c:\ian_lewis\src\forsterlewis\soaring\krasnoff\k_day1.html --> ftp.forsterlewis.com /public/www/soaring/krasnoff k_day1.html
2002.07.26 19:24 B c:\ian_lewis\src\forsterlewis\soaring\krasnoff\k_day2.html --> ftp.forsterlewis.com /public/www/soaring/krasnoff k_day2.html
2002.07.26 19:24 B c:\ian_lewis\src\forsterlewis\soaring\krasnoff\k_day3.html --> ftp.forsterlewis.com /public/www/soaring/krasnoff k_day3.html
2002.07.26 19:24 B c:\ian_lewis\src\forsterlewis\soaring\krasnoff\k_day4.html --> ftp.forsterlewis.com /public/www/soaring/krasnoff k_day4.html
2002.07.26 19:24 B c:\ian_lewis\src\forsterlewis\soaring\krasnoff\k_day5.html --> ftp.forsterlewis.com /public/www/soaring/krasnoff k_day5.html
2002.07.26 19:24 B c:\ian_lewis\src\forsterlewis\soaring\krasnoff\k_day6.html --> ftp.forsterlewis.com /public/www/soaring/krasnoff k_day6.html
2002.07.26 19:24 B c:\ian_lewis\src\forsterlewis\soaring\krasnoff\k_day7.html --> ftp.forsterlewis.com /public/www/soaring/krasnoff k_day7.html
2002.07.26 19:24 B c:\ian_lewis\src\forsterlewis\soaring\krasnoff\k_help.html --> ftp.forsterlewis.com /public/www/soaring/krasnoff k_help.html
2002.07.26 19:24 B c:\ian_lewis\src\forsterlewis\soaring\krasnoff\k_prog.html --> ftp.forsterlewis.com /public/www/soaring/krasnoff k_prog.html
2002.07.26 19:24 B c:\ian_lewis\src\forsterlewis\soaring\krasnoff\k_start.html --> ftp.forsterlewis.com /public/www/soaring/krasnoff k_start.html
2002.07.26 19:24 B c:\ian_lewis\src\forsterlewis\soaring\krasnoff\krasnoff.html --> ftp.forsterlewis.com /public/www/soaring/krasnoff krasnoff.html
2002.07.26 19:24 B c:\ian_lewis\src\forsterlewis\soaring\krasnoff\krasnoff.zip --> ftp.forsterlewis.com /public/www/soaring/krasnoff krasnoff.zip
2002.07.26 19:24 B c:\ian_lewis\src\forsterlewis\soaring\krasnoff\WS_FTP.LOG --> ftp.forsterlewis.com /public/www/soaring/krasnoff WS_FTP.LOG
2002.07.26 19:26 B c:\ian_lewis\src\forsterlewis\soaring\krasnoff\a_down.gif --> ftp.forsterlewis.com /public/www/soaring/krasnoff a_down.gif
2002.07.26 19:26 B c:\ian_lewis\src\forsterlewis\soaring\krasnoff\a_up.gif --> ftp.forsterlewis.com /public/www/soaring/krasnoff a_up.gif
2002.07.26 19:26 B c:\ian_lewis\src\forsterlewis\soaring\krasnoff\govcup.xls --> ftp.forsterlewis.com /public/www/soaring/krasnoff govcup.xls
2002.07.26 19:26 B c:\ian_lewis\src\forsterlewis\soaring\krasnoff\govcup_blr.html --> ftp.forsterlewis.com /public/www/soaring/krasnoff govcup_blr.html
2002.07.26 19:26 B c:\ian_lewis\src\forsterlewis\soaring\krasnoff\k_day8.html --> ftp.forsterlewis.com /public/www/soaring/krasnoff k_day8.html
2002.07.26 19:26 B c:\ian_lewis\src\forsterlewis\soaring\krasnoff\k_day9.html --> ftp.forsterlewis.com /public/www/soaring/krasnoff k_day9.html
2002.07.26 19:26 B c:\ian_lewis\src\forsterlewis\soaring\krasnoff\k_prog.js --> ftp.forsterlewis.com /public/www/soaring/krasnoff k_prog.js
2002.07.26 19:26 B c:\ian_lewis\src\forsterlewis\soaring\krasnoff\k_prog_mono.html --> ftp.forsterlewis.com /public/www/soaring/krasnoff k_prog_mono.html
2002.07.26 19:26 B c:\ian_lewis\src\forsterlewis\soaring\krasnoff\krasnoff_mono.html --> ftp.forsterlewis.com /public/www/soaring/krasnoff krasnoff_mono.html
2002.07.26 19:26 B c:\ian_lewis\src\forsterlewis\soaring\krasnoff\polars.xls --> ftp.forsterlewis.com /public/www/soaring/krasnoff polars.xls
2002.07.26 19:28 B c:\ian_lewis\src\forsterlewis\soaring\krasnoff\a_down.gif --> ftp.forsterlewis.com /public/www/soaring/krasnoff/krasnoff a_down.gif
2002.07.26 19:28 B c:\ian_lewis\src\forsterlewis\soaring\krasnoff\a_up.gif --> ftp.forsterlewis.com /public/www/soaring/krasnoff/krasnoff a_up.gif
2002.07.26 19:28 B c:\ian_lewis\src\forsterlewis\soaring\krasnoff\govcup.xls --> ftp.forsterlewis.com /public/www/soaring/krasnoff/krasnoff govcup.xls
2002.07.26 19:28 B c:\ian_lewis\src\forsterlewis\soaring\krasnoff\govcup_blr.html --> ftp.forsterlewis.com /public/www/soaring/krasnoff/krasnoff govcup_blr.html
2002.07.26 19:28 B c:\ian_lewis\src\forsterlewis\soaring\krasnoff\k_day0.html --> ftp.forsterlewis.com /public/www/soaring/krasnoff/krasnoff k_day0.html
2002.07.26 19:28 B c:\ian_lewis\src\forsterlewis\soaring\krasnoff\k_day1.html --> ftp.forsterlewis.com /public/www/soaring/krasnoff/krasnoff k_day1.html
2002.07.26 19:28 B c:\ian_lewis\src\forsterlewis\soaring\krasnoff\k_day2.html --> ftp.forsterlewis.com /public/www/soaring/krasnoff/krasnoff k_day2.html
2002.07.26 19:28 B c:\ian_lewis\src\forsterlewis\soaring\krasnoff\k_day3.html --> ftp.forsterlewis.com /public/www/soaring/krasnoff/krasnoff k_day3.html
2002.07.26 19:28 B c:\ian_lewis\src\forsterlewis\soaring\krasnoff\k_day4.html --> ftp.forsterlewis.com /public/www/soaring/krasnoff/krasnoff k_day4.html
2002.07.26 19:28 B c:\ian_lewis\src\forsterlewis\soaring\krasnoff\k_day5.html --> ftp.forsterlewis.com /public/www/soaring/krasnoff/krasnoff k_day5.html
2002.07.26 19:28 B c:\ian_lewis\src\forsterlewis\soaring\krasnoff\k_day6.html --> ftp.forsterlewis.com /public/www/soaring/krasnoff/krasnoff k_day6.html
2002.07.26 19:28 B c:\ian_lewis\src\forsterlewis\soaring\krasnoff\k_day7.html --> ftp.forsterlewis.com /public/www/soaring/krasnoff/krasnoff k_day7.html
2002.07.26 19:28 B c:\ian_lewis\src\forsterlewis\soaring\krasnoff\k_day8.html --> ftp.forsterlewis.com /public/www/soaring/krasnoff/krasnoff k_day8.html
2002.07.26 19:28 B c:\ian_lewis\src\forsterlewis\soaring\krasnoff\k_day9.html --> ftp.forsterlewis.com /public/www/soaring/krasnoff/krasnoff k_day9.html
2002.07.26 19:29 B c:\ian_lewis\src\forsterlewis\soaring\krasnoff\k_help.html --> ftp.forsterlewis.com /public/www/soaring/krasnoff/krasnoff k_help.html
2002.07.26 19:29 B c:\ian_lewis\src\forsterlewis\soaring\krasnoff\k_prog.html --> ftp.forsterlewis.com /public/www/soaring/krasnoff/krasnoff k_prog.html
2002.07.26 19:29 B c:\ian_lewis\src\forsterlewis\soaring\krasnoff\k_prog.js --> ftp.forsterlewis.com /public/www/soaring/krasnoff/krasnoff k_prog.js
2002.07.26 19:29 B c:\ian_lewis\src\forsterlewis\soaring\krasnoff\k_prog_mono.html --> ftp.forsterlewis.com /public/www/soaring/krasnoff/krasnoff k_prog_mono.html
2002.07.26 19:29 B c:\ian_lewis\src\forsterlewis\soaring\krasnoff\k_start.html --> ftp.forsterlewis.com /public/www/soaring/krasnoff/krasnoff k_start.html
2002.07.26 19:29 B c:\ian_lewis\src\forsterlewis\soaring\krasnoff\krasnoff.html --> ftp.forsterlewis.com /public/www/soaring/krasnoff/krasnoff krasnoff.html
2002.07.26 19:29 B c:\ian_lewis\src\forsterlewis\soaring\krasnoff\krasnoff.zip --> ftp.forsterlewis.com /public/www/soaring/krasnoff/krasnoff krasnoff.zip
2002.07.26 19:29 B c:\ian_lewis\src\forsterlewis\soaring\krasnoff\krasnoff_mono.html --> ftp.forsterlewis.com /public/www/soaring/krasnoff/krasnoff krasnoff_mono.html
2002.07.26 19:29 B c:\ian_lewis\src\forsterlewis\soaring\krasnoff\polars.xls --> ftp.forsterlewis.com /public/www/soaring/krasnoff/krasnoff polars.xls
2002.07.26 19:29 B c:\ian_lewis\src\forsterlewis\soaring\krasnoff\WS_FTP.LOG --> ftp.forsterlewis.com /public/www/soaring/krasnoff/krasnoff WS_FTP.LOG
2002.07.26 19:30 B c:\ian_lewis\src\forsterlewis\soaring\krasnoff\a_down.gif --> ftp.forsterlewis.com /public/www/soaring/krasnoff/krasnoff a_down.gif
2002.07.26 19:30 B c:\ian_lewis\src\forsterlewis\soaring\krasnoff\a_up.gif --> ftp.forsterlewis.com /public/www/soaring/krasnoff/krasnoff a_up.gif
2002.07.26 19:30 B c:\ian_lewis\src\forsterlewis\soaring\krasnoff\govcup.xls --> ftp.forsterlewis.com /public/www/soaring/krasnoff/krasnoff govcup.xls
2002.07.26 19:30 B c:\ian_lewis\src\forsterlewis\soaring\krasnoff\govcup_blr.html --> ftp.forsterlewis.com /public/www/soaring/krasnoff/krasnoff govcup_blr.html
2002.07.26 19:30 B c:\ian_lewis\src\forsterlewis\soaring\krasnoff\k_day0.html --> ftp.forsterlewis.com /public/www/soaring/krasnoff/krasnoff k_day0.html
2002.07.26 19:30 B c:\ian_lewis\src\forsterlewis\soaring\krasnoff\k_day1.html --> ftp.forsterlewis.com /public/www/soaring/krasnoff/krasnoff k_day1.html
2002.07.26 19:30 B c:\ian_lewis\src\forsterlewis\soaring\krasnoff\k_day2.html --> ftp.forsterlewis.com /public/www/soaring/krasnoff/krasnoff k_day2.html
2002.07.26 19:30 B c:\ian_lewis\src\forsterlewis\soaring\krasnoff\k_day3.html --> ftp.forsterlewis.com /public/www/soaring/krasnoff/krasnoff k_day3.html
2002.07.26 19:30 B c:\ian_lewis\src\forsterlewis\soaring\krasnoff\k_day4.html --> ftp.forsterlewis.com /public/www/soaring/krasnoff/krasnoff k_day4.html
2002.07.26 19:30 B c:\ian_lewis\src\forsterlewis\soaring\krasnoff\k_day5.html --> ftp.forsterlewis.com /public/www/soaring/krasnoff/krasnoff k_day5.html
2002.07.26 19:30 B c:\ian_lewis\src\forsterlewis\soaring\krasnoff\k_day6.html --> ftp.forsterlewis.com /public/www/soaring/krasnoff/krasnoff k_day6.html
2002.07.26 19:30 B c:\ian_lewis\src\forsterlewis\soaring\krasnoff\k_day7.html --> ftp.forsterlewis.com /public/www/soaring/krasnoff/krasnoff k_day7.html
2002.07.26 19:30 B c:\ian_lewis\src\forsterlewis\soaring\krasnoff\k_day8.html --> ftp.forsterlewis.com /public/www/soaring/krasnoff/krasnoff k_day8.html
2002.07.26 19:30 B c:\ian_lewis\src\forsterlewis\soaring\krasnoff\k_day9.html --> ftp.forsterlewis.com /public/www/soaring/krasnoff/krasnoff k_day9.html
2002.07.26 19:30 B c:\ian_lewis\src\forsterlewis\soaring\krasnoff\k_help.html --> ftp.forsterlewis.com /public/www/soaring/krasnoff/krasnoff k_help.html
2002.07.26 19:30 B c:\ian_lewis\src\forsterlewis\soaring\krasnoff\k_prog.html --> ftp.forsterlewis.com /public/www/soaring/krasnoff/krasnoff k_prog.html
2002.07.26 19:30 B c:\ian_lewis\src\forsterlewis\soaring\krasnoff\k_prog.js --> ftp.forsterlewis.com /public/www/soaring/krasnoff/krasnoff k_prog.js
2002.07.26 19:30 B c:\ian_lewis\src\forsterlewis\soaring\krasnoff\k_prog_mono.html --> ftp.forsterlewis.com /public/www/soaring/krasnoff/krasnoff k_prog_mono.html
2002.07.26 19:30 B c:\ian_lewis\src\forsterlewis\soaring\krasnoff\k_start.html --> ftp.forsterlewis.com /public/www/soaring/krasnoff/krasnoff k_start.html
2002.07.26 19:30 B c:\ian_lewis\src\forsterlewis\soaring\krasnoff\krasnoff.html --> ftp.forsterlewis.com /public/www/soaring/krasnoff/krasnoff krasnoff.html
2002.07.26 19:30 B c:\ian_lewis\src\forsterlewis\soaring\krasnoff\krasnoff.zip --> ftp.forsterlewis.com /public/www/soaring/krasnoff/krasnoff krasnoff.zip
2002.07.26 19:30 B c:\ian_lewis\src\forsterlewis\soaring\krasnoff\krasnoff_mono.html --> ftp.forsterlewis.com /public/www/soaring/krasnoff/krasnoff krasnoff_mono.html
2002.07.26 19:30 B c:\ian_lewis\src\forsterlewis\soaring\krasnoff\polars.xls --> ftp.forsterlewis.com /public/www/soaring/krasnoff/krasnoff polars.xls
2002.07.26 19:30 B c:\ian_lewis\src\forsterlewis\soaring\krasnoff\WS_FTP.LOG --> ftp.forsterlewis.com /public/www/soaring/krasnoff/krasnoff WS_FTP.LOG
2002.07.26 19:31 B c:\ian_lewis\src\forsterlewis\soaring\krasnoff\a_down.gif --> ftp.forsterlewis.com /public/www/soaring/krasnoff a_down.gif
2002.07.26 19:31 B c:\ian_lewis\src\forsterlewis\soaring\krasnoff\a_up.gif --> ftp.forsterlewis.com /public/www/soaring/krasnoff a_up.gif
2002.07.26 19:31 B c:\ian_lewis\src\forsterlewis\soaring\krasnoff\govcup.xls --> ftp.forsterlewis.com /public/www/soaring/krasnoff govcup.xls
2002.07.26 19:31 B c:\ian_lewis\src\forsterlewis\soaring\krasnoff\govcup_blr.html --> ftp.forsterlewis.com /public/www/soaring/krasnoff govcup_blr.html
2002.07.26 19:31 B c:\ian_lewis\src\forsterlewis\soaring\krasnoff\k_day0.html --> ftp.forsterlewis.com /public/www/soaring/krasnoff k_day0.html
2002.07.26 19:31 B c:\ian_lewis\src\forsterlewis\soaring\krasnoff\k_day1.html --> ftp.forsterlewis.com /public/www/soaring/krasnoff k_day1.html
2002.07.26 19:31 B c:\ian_lewis\src\forsterlewis\soaring\krasnoff\k_day2.html --> ftp.forsterlewis.com /public/www/soaring/krasnoff k_day2.html
2002.07.26 19:31 B c:\ian_lewis\src\forsterlewis\soaring\krasnoff\k_day3.html --> ftp.forsterlewis.com /public/www/soaring/krasnoff k_day3.html
2002.07.26 19:31 B c:\ian_lewis\src\forsterlewis\soaring\krasnoff\k_day4.html --> ftp.forsterlewis.com /public/www/soaring/krasnoff k_day4.html
2002.07.26 19:31 B c:\ian_lewis\src\forsterlewis\soaring\krasnoff\k_day5.html --> ftp.forsterlewis.com /public/www/soaring/krasnoff k_day5.html
2002.07.26 19:31 B c:\ian_lewis\src\forsterlewis\soaring\krasnoff\k_day6.html --> ftp.forsterlewis.com /public/www/soaring/krasnoff k_day6.html
2002.07.26 19:32 B c:\ian_lewis\src\forsterlewis\soaring\krasnoff\k_day7.html --> ftp.forsterlewis.com /public/www/soaring/krasnoff k_day7.html
2002.07.26 19:32 B c:\ian_lewis\src\forsterlewis\soaring\krasnoff\k_day8.html --> ftp.forsterlewis.com /public/www/soaring/krasnoff k_day8.html
2002.07.26 19:32 B c:\ian_lewis\src\forsterlewis\soaring\krasnoff\k_day9.html --> ftp.forsterlewis.com /public/www/soaring/krasnoff k_day9.html
2002.07.26 19:32 B c:\ian_lewis\src\forsterlewis\soaring\krasnoff\k_help.html --> ftp.forsterlewis.com /public/www/soaring/krasnoff k_help.html
2002.07.26 19:32 B c:\ian_lewis\src\forsterlewis\soaring\krasnoff\k_prog.html --> ftp.forsterlewis.com /public/www/soaring/krasnoff k_prog.html
2002.07.26 19:32 B c:\ian_lewis\src\forsterlewis\soaring\krasnoff\k_prog.js --> ftp.forsterlewis.com /public/www/soaring/krasnoff k_prog.js
2002.07.26 19:32 B c:\ian_lewis\src\forsterlewis\soaring\krasnoff\k_prog_mono.html --> ftp.forsterlewis.com /public/www/soaring/krasnoff k_prog_mono.html
2002.07.26 19:32 B c:\ian_lewis\src\forsterlewis\soaring\krasnoff\k_start.html --> ftp.forsterlewis.com /public/www/soaring/krasnoff k_start.html
2002.07.26 19:32 B c:\ian_lewis\src\forsterlewis\soaring\krasnoff\krasnoff.html --> ftp.forsterlewis.com /public/www/soaring/krasnoff krasnoff.html
2002.07.26 19:32 B c:\ian_lewis\src\forsterlewis\soaring\krasnoff\krasnoff.zip --> ftp.forsterlewis.com /public/www/soaring/krasnoff krasnoff.zip
2002.07.26 19:32 B c:\ian_lewis\src\forsterlewis\soaring\krasnoff\krasnoff_mono.html --> ftp.forsterlewis.com /public/www/soaring/krasnoff krasnoff_mono.html
2002.07.26 19:32 B c:\ian_lewis\src\forsterlewis\soaring\krasnoff\polars.xls --> ftp.forsterlewis.com /public/www/soaring/krasnoff polars.xls
